
dic 06, 2017 15:38:50.47 NEW SESSION
dic 06, 2017 15:38:50.47 1512571130471	addons.webextension.jid1-OY8Xu5BsKZQa6A@jetpack	WARN	Please specify whether you want browser_style or not in your browser_action options.
dic 06, 2017 15:38:50.53 1512571130536	addons.webextension.{a6a5b521-62f8-48c1-ad86-702fd9f0e2c8}	WARN	Loading extension '{a6a5b521-62f8-48c1-ad86-702fd9f0e2c8}': Reading manifest: Error processing permissions.4: Unknown permission "unlimitedStorage"
dic 06, 2017 15:38:50.53 1512571130538	addons.webextension.{a6a5b521-62f8-48c1-ad86-702fd9f0e2c8}	WARN	Loading extension '{a6a5b521-62f8-48c1-ad86-702fd9f0e2c8}': Reading manifest: Error processing devtools_page: An unexpected property was found in the WebExtension manifest.
dic 06, 2017 15:38:50.57 1512571130571	addons.webextension.wrc@avast.com	WARN	Please specify whether you want browser_style or not in your browser_action options.
dic 06, 2017 15:38:50.58 1512571130585	addons.webextension.{a6a5b521-62f8-48c1-ad86-702fd9f0e2c8}	WARN	Please specify whether you want browser_style or not in your browser_action options.
dic 06, 2017 15:40:46.78 Promise resolved after context unloaded
dic 06, 2017 15:41:27.42 [NPAPI 2812] WARNING: pipe error: 109: file c:/builds/moz2_slave/m-esr52-w64-000000000000000000/build/src/ipc/chromium/src/chrome/common/ipc_channel_win.cc, line 345
dic 06, 2017 16:12:18.56 console.error: 
dic 06, 2017 16:12:18.57   Message: Error: Source map at http://localhost:8081/TecWebProject/css/bootstrap.min.css.map not found or invalid
dic 06, 2017 16:12:18.57   Stack:
dic 06, 2017 16:12:18.57     StyleSheetActor<._fetchSourceMap/</map<@resource://gre/modules/commonjs/toolkit/loader.js -> resource://devtools/server/actors/stylesheets.js:557:27
dic 06, 2017 16:12:18.57 Handler.prototype.process@resource://gre/modules/Promise.jsm -> resource://gre/modules/Promise-backend.js:932:23
dic 06, 2017 16:12:18.57 this.PromiseWalker.walkerLoop@resource://gre/modules/Promise.jsm -> resource://gre/modules/Promise-backend.js:813:7
dic 06, 2017 16:12:18.57 this.PromiseWalker.scheduleWalkerLoop/<@resource://gre/modules/Promise.jsm -> resource://gre/modules/Promise-backend.js:747:11
dic 06, 2017 16:12:18.57 
dic 06, 2017 16:12:18.57 StyleSheetActor<._fetchSourceMap/</map<@resource://gre/modules/commonjs/toolkit/loader.js -> resource://devtools/server/actors/stylesheets.js:557:27
dic 06, 2017 16:12:18.57 Handler.prototype.process@resource://gre/modules/Promise.jsm -> resource://gre/modules/Promise-backend.js:932:23
dic 06, 2017 16:12:18.57 this.PromiseWalker.walkerLoop@resource://gre/modules/Promise.jsm -> resource://gre/modules/Promise-backend.js:813:7
dic 06, 2017 16:12:18.57 this.PromiseWalker.scheduleWalkerLoop/<@resource://gre/modules/Promise.jsm -> resource://gre/modules/Promise-backend.js:747:11
dic 06, 2017 16:12:18.62 console.error: 
dic 06, 2017 16:12:18.62   Protocol error (unknownError): Source map at http://localhost:8081/TecWebProject/css/bootstrap.min.css.map not found or invalid
dic 06, 2017 16:22:21.62 Extension error: [Exception... "Component returned failure code: 0x80070057 (NS_ERROR_ILLEGAL_VALUE) [nsIDOMWindowUtils.loadSheetUsingURIString]"  nsresult: "0x80070057 (NS_ERROR_ILLEGAL_VALUE)"  location: "JS frame :: resource://gre/modules/ExtensionUtils.jsm :: runSafeSyncWithoutClone :: line 71"  data: no] undefined 71
dic 06, 2017 16:22:21.62 [[Exception stack
dic 06, 2017 16:22:21.62 runSafeSyncWithoutClone@resource://gre/modules/ExtensionUtils.jsm:71:14
dic 06, 2017 16:22:21.62 tryInject@resource://gre/modules/ExtensionContent.jsm:242:11
dic 06, 2017 16:22:21.62 execute@resource://gre/modules/ExtensionContent.jsm:411:5
dic 06, 2017 16:22:21.62 addScript@resource://gre/modules/ExtensionContent.jsm:416:5
dic 06, 2017 16:22:21.62 executeScript/executeInWin@resource://gre/modules/ExtensionContent.jsm:632:9
dic 06, 2017 16:22:21.62 executeScript@resource://gre/modules/ExtensionContent.jsm:638:20
dic 06, 2017 16:22:21.62 handleExtensionExecute@resource://gre/modules/ExtensionContent.jsm:1004:12
dic 06, 2017 16:22:21.62 receiveMessage@resource://gre/modules/ExtensionContent.jsm:943:16
dic 06, 2017 16:22:21.63 _callHandlers/<@resource://gre/modules/MessageChannel.jsm:574:17
dic 06, 2017 16:22:21.63 _callHandlers@resource://gre/modules/MessageChannel.jsm:573:14
dic 06, 2017 16:22:21.63 _handleMessage/deferred.promise<@resource://gre/modules/MessageChannel.jsm:637:7
dic 06, 2017 16:22:21.63 _handleMessage@resource://gre/modules/MessageChannel.jsm:634:24
dic 06, 2017 16:22:21.63 receiveMessage@resource://gre/modules/MessageChannel.jsm:165:5
dic 06, 2017 16:22:21.63 Current stack
dic 06, 2017 16:22:21.63 runSafeSyncWithoutClone@resource://gre/modules/ExtensionUtils.jsm:73:129
dic 06, 2017 16:22:21.63 tryInject@resource://gre/modules/ExtensionContent.jsm:242:11
dic 06, 2017 16:22:21.63 execute@resource://gre/modules/ExtensionContent.jsm:411:5
dic 06, 2017 16:22:21.63 addScript@resource://gre/modules/ExtensionContent.jsm:416:5
dic 06, 2017 16:22:21.63 executeScript/executeInWin@resource://gre/modules/ExtensionContent.jsm:632:9
dic 06, 2017 16:22:21.63 executeScript@resource://gre/modules/ExtensionContent.jsm:638:20
dic 06, 2017 16:22:21.64 handleExtensionExecute@resource://gre/modules/ExtensionContent.jsm:1004:12
dic 06, 2017 16:22:21.64 receiveMessage@resource://gre/modules/ExtensionContent.jsm:943:16
dic 06, 2017 16:22:21.64 _callHandlers/<@resource://gre/modules/MessageChannel.jsm:574:17
dic 06, 2017 16:22:21.64 _callHandlers@resource://gre/modules/MessageChannel.jsm:573:14
dic 06, 2017 16:22:21.64 _handleMessage/deferred.promise<@resource://gre/modules/MessageChannel.jsm:637:7
dic 06, 2017 16:22:21.64 _handleMessage@resource://gre/modules/MessageChannel.jsm:634:24
dic 06, 2017 16:22:21.64 receiveMessage@resource://gre/modules/MessageChannel.jsm:165:5
dic 06, 2017 16:22:21.64 ]]
dic 06, 2017 16:22:21.76 Promise resolved after context unloaded
dic 06, 2017 16:42:06.99 Promise resolved after context unloaded
dic 06, 2017 16:42:58.51 Promise resolved after context unloaded
dic 06, 2017 17:09:49.20 Promise resolved after context unloaded
dic 06, 2017 17:10:05.44 Promise resolved after context unloaded
dic 06, 2017 17:10:11.84 Promise resolved after context unloaded
dic 06, 2017 17:13:38.41 Promise resolved after context unloaded
dic 06, 2017 17:13:55.90 console.error: 
dic 06, 2017 17:13:55.91   Message: Error: Source map at http://localhost:8081/TecWebProject/css/bootstrap.min.css.map not found or invalid
dic 06, 2017 17:13:55.91   Stack:
dic 06, 2017 17:13:55.91     StyleSheetActor<._fetchSourceMap/</map<@resource://gre/modules/commonjs/toolkit/loader.js -> resource://devtools/server/actors/stylesheets.js:557:27
dic 06, 2017 17:13:55.91 Handler.prototype.process@resource://gre/modules/Promise.jsm -> resource://gre/modules/Promise-backend.js:932:23
dic 06, 2017 17:13:55.91 this.PromiseWalker.walkerLoop@resource://gre/modules/Promise.jsm -> resource://gre/modules/Promise-backend.js:813:7
dic 06, 2017 17:13:55.91 this.PromiseWalker.scheduleWalkerLoop/<@resource://gre/modules/Promise.jsm -> resource://gre/modules/Promise-backend.js:747:11
dic 06, 2017 17:13:55.91 
dic 06, 2017 17:13:55.91 StyleSheetActor<._fetchSourceMap/</map<@resource://gre/modules/commonjs/toolkit/loader.js -> resource://devtools/server/actors/stylesheets.js:557:27
dic 06, 2017 17:13:55.91 Handler.prototype.process@resource://gre/modules/Promise.jsm -> resource://gre/modules/Promise-backend.js:932:23
dic 06, 2017 17:13:55.91 this.PromiseWalker.walkerLoop@resource://gre/modules/Promise.jsm -> resource://gre/modules/Promise-backend.js:813:7
dic 06, 2017 17:13:55.91 this.PromiseWalker.scheduleWalkerLoop/<@resource://gre/modules/Promise.jsm -> resource://gre/modules/Promise-backend.js:747:11
dic 06, 2017 17:13:55.91 console.error: 
dic 06, 2017 17:13:55.92   Protocol error (unknownError): Source map at http://localhost:8081/TecWebProject/css/bootstrap.min.css.map not found or invalid
dic 06, 2017 17:21:52.37 Promise resolved after context unloaded
dic 06, 2017 18:22:02.14 [NPAPI 888] WARNING: pipe error: 109: file c:/builds/moz2_slave/m-esr52-w64-000000000000000000/build/src/ipc/chromium/src/chrome/common/ipc_channel_win.cc, line 345
dic 06, 2017 19:09:18.69 Promise resolved after context unloaded
dic 06, 2017 19:09:29.97 Promise resolved after context unloaded

dic 06, 2017 19:50:46.39 NEW SESSION
dic 06, 2017 19:50:46.39 1512586246389	addons.webextension.jid1-OY8Xu5BsKZQa6A@jetpack	WARN	Please specify whether you want browser_style or not in your browser_action options.
dic 06, 2017 19:50:46.46 1512586246468	addons.webextension.{a6a5b521-62f8-48c1-ad86-702fd9f0e2c8}	WARN	Loading extension '{a6a5b521-62f8-48c1-ad86-702fd9f0e2c8}': Reading manifest: Error processing permissions.4: Unknown permission "unlimitedStorage"
dic 06, 2017 19:50:46.47 1512586246471	addons.webextension.{a6a5b521-62f8-48c1-ad86-702fd9f0e2c8}	WARN	Loading extension '{a6a5b521-62f8-48c1-ad86-702fd9f0e2c8}': Reading manifest: Error processing devtools_page: An unexpected property was found in the WebExtension manifest.
dic 06, 2017 19:50:46.50 1512586246506	addons.webextension.wrc@avast.com	WARN	Please specify whether you want browser_style or not in your browser_action options.
dic 06, 2017 19:50:46.52 1512586246521	addons.webextension.{a6a5b521-62f8-48c1-ad86-702fd9f0e2c8}	WARN	Please specify whether you want browser_style or not in your browser_action options.
dic 06, 2017 19:50:53.68 Promise rejected after context unloaded: Message manager disconnected
dic 06, 2017 19:51:32.79 1512586292798	addons.webextension.jid1-OY8Xu5BsKZQa6A@jetpack	WARN	Please specify whether you want browser_style or not in your browser_action options.
dic 06, 2017 19:51:32.88 1512586292882	addons.webextension.{a6a5b521-62f8-48c1-ad86-702fd9f0e2c8}	WARN	Loading extension '{a6a5b521-62f8-48c1-ad86-702fd9f0e2c8}': Reading manifest: Error processing permissions.4: Unknown permission "unlimitedStorage"
dic 06, 2017 19:51:32.88 1512586292887	addons.webextension.{a6a5b521-62f8-48c1-ad86-702fd9f0e2c8}	WARN	Loading extension '{a6a5b521-62f8-48c1-ad86-702fd9f0e2c8}': Reading manifest: Error processing devtools_page: An unexpected property was found in the WebExtension manifest.
dic 06, 2017 19:51:32.92 1512586292920	addons.webextension.wrc@avast.com	WARN	Please specify whether you want browser_style or not in your browser_action options.
dic 06, 2017 19:51:32.93 1512586292935	addons.webextension.{a6a5b521-62f8-48c1-ad86-702fd9f0e2c8}	WARN	Please specify whether you want browser_style or not in your browser_action options.
dic 06, 2017 19:52:02.23 Promise rejected after context unloaded: Message manager disconnected
dic 06, 2017 19:52:02.23 Promise rejected after context unloaded: Message manager disconnected
dic 06, 2017 19:52:02.23 Promise rejected after context unloaded: Message manager disconnected
dic 06, 2017 19:52:02.23 Promise rejected after context unloaded: Message manager disconnected

dic 06, 2017 19:56:01.01 NEW SESSION
dic 06, 2017 19:56:01.01 1512586561023	addons.webextension.jid1-OY8Xu5BsKZQa6A@jetpack	WARN	Please specify whether you want browser_style or not in your browser_action options.
dic 06, 2017 19:56:01.07 1512586561073	addons.webextension.{a6a5b521-62f8-48c1-ad86-702fd9f0e2c8}	WARN	Loading extension '{a6a5b521-62f8-48c1-ad86-702fd9f0e2c8}': Reading manifest: Error processing permissions.4: Unknown permission "unlimitedStorage"
dic 06, 2017 19:56:01.07 1512586561076	addons.webextension.{a6a5b521-62f8-48c1-ad86-702fd9f0e2c8}	WARN	Loading extension '{a6a5b521-62f8-48c1-ad86-702fd9f0e2c8}': Reading manifest: Error processing devtools_page: An unexpected property was found in the WebExtension manifest.
dic 06, 2017 19:56:01.08 1512586561101	addons.webextension.wrc@avast.com	WARN	Please specify whether you want browser_style or not in your browser_action options.
dic 06, 2017 19:56:01.10 1512586561111	addons.webextension.{a6a5b521-62f8-48c1-ad86-702fd9f0e2c8}	WARN	Please specify whether you want browser_style or not in your browser_action options.
dic 06, 2017 19:57:59.38 Promise rejected after context unloaded: Message manager disconnected
dic 06, 2017 19:57:59.38 Promise rejected after context unloaded: Message manager disconnected
dic 06, 2017 19:57:59.38 Promise rejected after context unloaded: Message manager disconnected
dic 06, 2017 19:57:59.38 Promise rejected after context unloaded: Message manager disconnected
dic 06, 2017 19:57:59.54 [Child 5664] WARNING: pipe error: 109: file c:/builds/moz2_slave/m-esr52-w64-000000000000000000/build/src/ipc/chromium/src/chrome/common/ipc_channel_win.cc, line 345
dic 06, 2017 19:57:59.54 [Child 5664] WARNING: pipe error: 109: file c:/builds/moz2_slave/m-esr52-w64-000000000000000000/build/src/ipc/chromium/src/chrome/common/ipc_channel_win.cc, line 345

dic 06, 2017 21:37:25.33 NEW SESSION
dic 06, 2017 21:37:25.33 1512592645330	addons.webextension.jid1-OY8Xu5BsKZQa6A@jetpack	WARN	Please specify whether you want browser_style or not in your browser_action options.
dic 06, 2017 21:37:25.43 1512592645437	addons.webextension.{a6a5b521-62f8-48c1-ad86-702fd9f0e2c8}	WARN	Loading extension '{a6a5b521-62f8-48c1-ad86-702fd9f0e2c8}': Reading manifest: Error processing permissions.4: Unknown permission "unlimitedStorage"
dic 06, 2017 21:37:25.44 1512592645440	addons.webextension.{a6a5b521-62f8-48c1-ad86-702fd9f0e2c8}	WARN	Loading extension '{a6a5b521-62f8-48c1-ad86-702fd9f0e2c8}': Reading manifest: Error processing devtools_page: An unexpected property was found in the WebExtension manifest.
dic 06, 2017 21:37:25.48 1512592645480	addons.webextension.jid1-NIfFY2CA8fy1tg@jetpack	WARN	Please specify whether you want browser_style or not in your browser_action options.
dic 06, 2017 21:37:25.49 1512592645494	addons.webextension.wrc@avast.com	WARN	Please specify whether you want browser_style or not in your browser_action options.
dic 06, 2017 21:37:25.50 1512592645505	addons.webextension.{a6a5b521-62f8-48c1-ad86-702fd9f0e2c8}	WARN	Please specify whether you want browser_style or not in your browser_action options.
dic 06, 2017 21:38:34.78 Promise resolved after context unloaded
dic 06, 2017 21:38:35.50 Promise resolved after context unloaded

dic 06, 2017 21:57:33.89 NEW SESSION
dic 06, 2017 21:57:33.89 1512593853894	addons.webextension.jid1-OY8Xu5BsKZQa6A@jetpack	WARN	Please specify whether you want browser_style or not in your browser_action options.
dic 06, 2017 21:57:34.03 1512593854039	addons.webextension.{a6a5b521-62f8-48c1-ad86-702fd9f0e2c8}	WARN	Loading extension '{a6a5b521-62f8-48c1-ad86-702fd9f0e2c8}': Reading manifest: Error processing permissions.4: Unknown permission "unlimitedStorage"
dic 06, 2017 21:57:34.04 1512593854042	addons.webextension.{a6a5b521-62f8-48c1-ad86-702fd9f0e2c8}	WARN	Loading extension '{a6a5b521-62f8-48c1-ad86-702fd9f0e2c8}': Reading manifest: Error processing devtools_page: An unexpected property was found in the WebExtension manifest.
dic 06, 2017 21:57:34.09 1512593854094	addons.webextension.jid1-NIfFY2CA8fy1tg@jetpack	WARN	Please specify whether you want browser_style or not in your browser_action options.
dic 06, 2017 21:57:34.11 1512593854111	addons.webextension.wrc@avast.com	WARN	Please specify whether you want browser_style or not in your browser_action options.
dic 06, 2017 21:57:34.12 1512593854126	addons.webextension.{a6a5b521-62f8-48c1-ad86-702fd9f0e2c8}	WARN	Please specify whether you want browser_style or not in your browser_action options.
dic 06, 2017 21:58:55.39 Promise resolved after context unloaded
dic 06, 2017 22:06:07.97 Promise rejected after context unloaded: Message manager disconnected
dic 06, 2017 22:06:07.97 Promise rejected after context unloaded: Message manager disconnected
dic 06, 2017 22:06:07.97 Promise rejected after context unloaded: Message manager disconnected
dic 06, 2017 22:06:07.97 Promise rejected after context unloaded: Message manager disconnected
dic 06, 2017 22:06:07.97 Promise rejected after context unloaded: Message manager disconnected
dic 06, 2017 22:06:07.97 Promise rejected after context unloaded: Message manager disconnected
dic 06, 2017 22:06:07.97 Promise rejected after context unloaded: Message manager disconnected
dic 06, 2017 22:06:07.97 Promise rejected after context unloaded: Message manager disconnected
dic 06, 2017 22:06:07.97 Promise rejected after context unloaded: Message manager disconnected
